
Showing logs for build [32mcb-kubecd-bdd-gh-1595947136-pr-dfhzs-2[0m stage [32mfrom-build-pack[0m and container [32mstep-credential-initializer-2cf6j[0m
{"level":"info","ts":1595950175.326217,"logger":"fallback-logger","caller":"logging/config.go:69","msg":"Fetch GitHub commit ID from kodata failed: open /var/run/ko/refs/heads/0.8.0-ns-support: no such file or directory"}
{"level":"info","ts":1595950175.3295884,"logger":"fallback-logger","caller":"creds-init/main.go:40","msg":"Credentials initialized."}

Showing logs for build [32mcb-kubecd-bdd-gh-1595947136-pr-dfhzs-2[0m stage [32mfrom-build-pack[0m and container [32mstep-working-dir-initializer-qm67g[0m
{"level":"info","ts":1595950175.7117832,"logger":"fallback-logger","caller":"logging/config.go:69","msg":"Fetch GitHub commit ID from kodata failed: open /var/run/ko/HEAD: no such file or directory"}
{"level":"info","ts":1595950175.7185178,"logger":"fallback-logger","caller":"bash/main.go:64","msg":"Successfully executed command \"sh -c mkdir -p /workspace/source\"; output "}

Showing logs for build [32mcb-kubecd-bdd-gh-1595947136-pr-dfhzs-2[0m stage [32mfrom-build-pack[0m and container [32mstep-place-tools[0m

Showing logs for build [32mcb-kubecd-bdd-gh-1595947136-pr-dfhzs-2[0m stage [32mfrom-build-pack[0m and container [32mstep-git-source-cb-kubecd-bdd-gh-1595947136-pr-dfhzs-kspfg[0m
{"level":"info","ts":1595950181.8906949,"logger":"fallback-logger","caller":"logging/config.go:69","msg":"Fetch GitHub commit ID from kodata failed: open /var/run/ko/refs/heads/0.8.0-ns-support: no such file or directory"}
{"level":"info","ts":1595950182.9470274,"logger":"fallback-logger","caller":"git/git.go:103","msg":"Successfully cloned https://github.com/cb-kubecd/bdd-gh-1595947136.git @ master in path /workspace/source"}

Showing logs for build [32mcb-kubecd-bdd-gh-1595947136-pr-dfhzs-2[0m stage [32mfrom-build-pack[0m and container [32mstep-git-merge[0m
Using SHAs from PULL_REFS=master:9b76705250ed5117032f7a012e25d3951e2c7bff,1:3cc3e631f73a2b7bcad7b7c6c2cb6a1ac911c562
DEBUG: LC_ALL=C JX_LOG_LEVEL=error git fetch origin --unshallow 3cc3e631f73a2b7bcad7b7c6c2cb6a1ac911c562: 9b76705250ed5117032f7a012e25d3951e2c7bff:
DEBUG: ran git fetch --unshallow origin 3cc3e631f73a2b7bcad7b7c6c2cb6a1ac911c562: 9b76705250ed5117032f7a012e25d3951e2c7bff: in 
DEBUG: JX_LOG_LEVEL=error LC_ALL=C git branch
DEBUG: LC_ALL=C JX_LOG_LEVEL=error git checkout master
DEBUG: ran git checkout master in 
DEBUG: LC_ALL=C JX_LOG_LEVEL=error git reset --hard 9b76705250ed5117032f7a012e25d3951e2c7bff
DEBUG: ran git reset --hard 9b76705250ed5117032f7a012e25d3951e2c7bff in 
DEBUG: LC_ALL=C JX_LOG_LEVEL=error git clean -fd .
DEBUG: ran clean --force -d . in 
DEBUG: LC_ALL=C JX_LOG_LEVEL=error git merge 3cc3e631f73a2b7bcad7b7c6c2cb6a1ac911c562
DEBUG: ran git merge 3cc3e631f73a2b7bcad7b7c6c2cb6a1ac911c562 in 
DEBUG: LC_ALL=C JX_LOG_LEVEL=error git log --format=%H%x1f%an%x1f%ae%x1f%cn%x1f%ce%x1f%s%n%b%x1e 9b76705250ed5117032f7a012e25d3951e2c7bff..HEAD
Merged SHA 3cc3e631f73a2b7bcad7b7c6c2cb6a1ac911c562 with commit message 'Update main.go' into base branch master
Merged SHA e02b1e713f2a9861e70b1602e9bd63aeff544016 with commit message 'My first PR commit' into base branch master

Showing logs for build [32mcb-kubecd-bdd-gh-1595947136-pr-dfhzs-2[0m stage [32mfrom-build-pack[0m and container [32mstep-build-make-linux[0m
CGO_ENABLED=0 GOOS=linux GOARCH=amd64 GO15VENDOREXPERIMENT=1 go build -ldflags '' -o bin/bdd-gh-1595947136 main.go

Showing logs for build [32mcb-kubecd-bdd-gh-1595947136-pr-dfhzs-2[0m stage [32mfrom-build-pack[0m and container [32mstep-build-container-build[0m
ERROR: logging before flag.Parse: E0728 15:29:49.548336       9 metadata.go:241] Failed to unmarshal scopes: json: cannot unmarshal string into Go value of type []string
[36mINFO[0m[0000] Resolved base name scratch to scratch        
[36mINFO[0m[0000] Using dockerignore file: /workspace/source/.dockerignore 
[36mINFO[0m[0000] Resolved base name scratch to scratch        
[36mINFO[0m[0000] Built cross stage deps: map[]                
[36mINFO[0m[0000] No base image, nothing to extract            
[36mINFO[0m[0000] cmd: EXPOSE                                  
[36mINFO[0m[0000] Adding exposed port: 8080/tcp                
[36mINFO[0m[0000] Checking for cached layer gcr.io/jenkins-x-labs-bdd/cache:3f427f7a9fda7577c675aa8b7cd1ea27c97e4301373fe502a9c20e47582319fa... 
[36mINFO[0m[0000] No cached layer found for cmd COPY ./bin/ /  
[36mINFO[0m[0000] Unpacking rootfs as cmd COPY ./bin/ / requires it. 
[36mINFO[0m[0000] Taking snapshot of full filesystem...        
[36mINFO[0m[0000] Resolving paths                              
[36mINFO[0m[0000] EXPOSE 8080                                  
[36mINFO[0m[0000] cmd: EXPOSE                                  
[36mINFO[0m[0000] Adding exposed port: 8080/tcp                
[36mINFO[0m[0000] No files changed in this command, skipping snapshotting. 
[36mINFO[0m[0000] ENTRYPOINT ["/bdd-gh-1595947136"]            
[36mINFO[0m[0000] No files changed in this command, skipping snapshotting. 
[36mINFO[0m[0000] COPY ./bin/ /                                
[36mINFO[0m[0000] Resolving paths                              
[36mINFO[0m[0000] Taking snapshot of files...                  
[36mINFO[0m[0001] Pushing layer gcr.io/jenkins-x-labs-bdd/cache:3f427f7a9fda7577c675aa8b7cd1ea27c97e4301373fe502a9c20e47582319fa to cache now 

Showing logs for build [32mcb-kubecd-bdd-gh-1595947136-pr-dfhzs-2[0m stage [32mfrom-build-pack[0m and container [32mstep-promote-make-preview[0m
sed -i -e "s/version:.*/version: 0.0.0-SNAPSHOT-PR-1-2/" Chart.yaml
sed -i -e "s/version:.*/version: 0.0.0-SNAPSHOT-PR-1-2/" ../*/Chart.yaml
sed -i -e "s|repository:.*|repository: gcr.io\/jenkins-x-labs-bdd\/bdd-gh-1595947136|" values.yaml
sed -i -e "s/tag:.*/tag: 0.0.0-SNAPSHOT-PR-1-2/" values.yaml
echo "  version: 0.0.0-SNAPSHOT-PR-1-2" >> requirements.yaml
** step helm build
WARNING: No $CHART_REPOSITORY defined so using the default value of: http://jenkins-x-chartmuseum:8080
Adding missing Helm repo: storage.googleapis.com https://storage.googleapis.com/chartmuseum.jenkins-x.io
Successfully added Helm repository storage.googleapis.com.
Adding missing Helm repo: jenkins-x-chartmuseum http://jenkins-x-chartmuseum:8080
Successfully added Helm repository jenkins-x-chartmuseum.
WARNING: No $CHART_REPOSITORY defined so using the default value of: http://jenkins-x-chartmuseum:8080

Showing logs for build [32mcb-kubecd-bdd-gh-1595947136-pr-dfhzs-2[0m stage [32mfrom-build-pack[0m and container [32mstep-promote-jx-preview[0m
Creating a preview
expose:
  Annotations:
    helm.sh/hook: post-install,post-upgrade
    helm.sh/hook-delete-policy: hook-succeeded
  config:
    domain: cluster.local
    exposer: Ingress
    http: "true"
preview:
  image:
    repository: gcr.io/jenkins-x-labs-bdd/bdd-gh-1595947136
    tag: 0.0.0-SNAPSHOT-PR-1-2
adding helm values file /workspace/source/charts/preview/**Requirements.values.yaml for namespace **-cb-kubecd-bdd-gh-1595947136-pr-1
error: failed to run 'helm upgrade --namespace **-cb-kubecd-bdd-gh-1595947136-pr-1 --install --wait --force --timeout 6000s --set tags.**-ns-**-cb-kubecd-bdd-gh-1595947136-pr-1=true --set global.**NsJxCbKubecdBddGh1595947136Pr1=true --set tags.**-preview=true --set tags.**-env-cb-kubecd-bdd-gh-1595947136-pr-1=true --set global.**Preview=true --set global.**EnvCbKubecdBddGh1595947136Pr1=true --set-string global.**Ns=**-cb-kubecd-bdd-gh-1595947136-pr-1 --set-string global.**TypeEnv=preview --set-string global.**Env=cb-kubecd-bdd-gh-1595947136-pr-1 --set-string global.**PreviewApp=bdd-gh-1595947136 --set-string global.**PreviewPr=1 --values /tmp/values.yaml095607269 --values /tmp/values.yaml949118976 --values /tmp/values.yaml780575583 preview .' command in directory '', output: 'Error: UPGRADE FAILED: failed to replace object: Service "bdd-gh-1595947136" is invalid: spec.clusterIP: Invalid value: "": field is immutable'
[31m
Pipeline failed on stage 'from-build-pack' : container 'step-promote-jx-preview'. The execution of the pipeline has stopped.[0m
